Determining if the pthread_create exist failed with the following output:
Change Dir: /home/meng/optardrone/build/CMakeFiles/CMakeTmp

Run Build Command:/usr/bin/make "cmTryCompileExec579182739/fast"
/usr/bin/make -f CMakeFiles/cmTryCompileExec579182739.dir/build.make CMakeFiles/cmTryCompileExec579182739.dir/build
make[1]: Entering directory `/home/meng/optardrone/build/CMakeFiles/CMakeTmp'
/usr/bin/cmake -E cmake_progress_report /home/meng/optardrone/build/CMakeFiles/CMakeTmp/CMakeFiles 1
Building C object CMakeFiles/cmTryCompileExec579182739.dir/CheckSymbolExists.c.o
/usr/bin/cc    -o CMakeFiles/cmTryCompileExec579182739.dir/CheckSymbolExists.c.o   -c /home/meng/optardrone/build/CMakeFiles/CMakeTmp/CheckSymbolExists.c
Linking C executable cmTryCompileExec579182739
/usr/bin/cmake -E cmake_link_script CMakeFiles/cmTryCompileExec579182739.dir/link.txt --verbose=1
/usr/bin/cc       CMakeFiles/cmTryCompileExec579182739.dir/CheckSymbolExists.c.o  -o cmTryCompileExec579182739 -rdynamic 
CMakeFiles/cmTryCompileExec579182739.dir/CheckSymbolExists.c.o: In function `main':
CheckSymbolExists.c:(.text+0x16): undefined reference to `pthread_create'
collect2: error: ld returned 1 exit status
make[1]: *** [cmTryCompileExec579182739] Error 1
make[1]: Leaving directory `/home/meng/optardrone/build/CMakeFiles/CMakeTmp'
make: *** [cmTryCompileExec579182739/fast] Error 2

File /home/meng/optardrone/build/CMakeFiles/CMakeTmp/CheckSymbolExists.c:
/* */
#include <pthread.h>

int main(int argc, char** argv)
{
  (void)argv;
#ifndef pthread_create
  return ((int*)(&pthread_create))[argc];
#else
  (void)argc;
  return 0;
#endif
}

Determining if the function pthread_create exists in the pthreads failed with the following output:
Change Dir: /home/meng/optardrone/build/CMakeFiles/CMakeTmp

Run Build Command:/usr/bin/make "cmTryCompileExec1426634561/fast"
/usr/bin/make -f CMakeFiles/cmTryCompileExec1426634561.dir/build.make CMakeFiles/cmTryCompileExec1426634561.dir/build
make[1]: Entering directory `/home/meng/optardrone/build/CMakeFiles/CMakeTmp'
/usr/bin/cmake -E cmake_progress_report /home/meng/optardrone/build/CMakeFiles/CMakeTmp/CMakeFiles 1
Building C object CMakeFiles/cmTryCompileExec1426634561.dir/CheckFunctionExists.c.o
/usr/bin/cc   -DCHECK_FUNCTION_EXISTS=pthread_create   -o CMakeFiles/cmTryCompileExec1426634561.dir/CheckFunctionExists.c.o   -c /usr/share/cmake-2.8/Modules/CheckFunctionExists.c
Linking C executable cmTryCompileExec1426634561
/usr/bin/cmake -E cmake_link_script CMakeFiles/cmTryCompileExec1426634561.dir/link.txt --verbose=1
/usr/bin/cc   -DCHECK_FUNCTION_EXISTS=pthread_create    CMakeFiles/cmTryCompileExec1426634561.dir/CheckFunctionExists.c.o  -o cmTryCompileExec1426634561 -rdynamic -lpthreads 
/usr/bin/ld: cannot find -lpthreads
collect2: error: ld returned 1 exit status
make[1]: Leaving directory `/home/meng/optardrone/build/CMakeFiles/CMakeTmp'
make[1]: *** [cmTryCompileExec1426634561] Error 1
make: *** [cmTryCompileExec1426634561/fast] Error 2


